This file contains any messages produced by compilers while
running configure, to aid debugging if configure makes a mistake.

It was created by configure, which was
generated by GNU Autoconf 2.62.  Invocation command line was

  $ /home/tsuits/comp3500/project2/cs161/cs161-gdb-1.5/gdb-6.6+cs161/gdb/configure --cache-file=./config.cache --build=x86_64-unknown-linux-gnu --host=x86_64-unknown-linux-gnu --target=mips-elf --with-stabs --prefix=/home/tsuits/cs161/tools --program-transform-name=s,^,mips-elf-,;  --srcdir=/home/tsuits/comp3500/project2/cs161/cs161-gdb-1.5/./gdb-6.6+cs161/gdb

## --------- ##
## Platform. ##
## --------- ##

hostname = pop-os
uname -m = x86_64
uname -r = 5.4.0-7642-generic
uname -s = Linux
uname -v = #46~1598628707~20.04~040157c-Ubuntu SMP Fri Aug 28 18:02:16 UTC 

/usr/bin/uname -p = x86_64
/bin/uname -X     = unknown

/bin/arch              = x86_64
/usr/bin/arch -k       = unknown
/usr/convex/getsysinfo = unknown
/usr/bin/hostinfo      = unknown
/bin/machine           = unknown
/usr/bin/oslevel       = unknown
/bin/universe          = unknown

PATH: /home/tsuits/comp3500/project2/cs161/bin
PATH: /usr/local/sbin
PATH: /usr/local/bin
PATH: /usr/sbin
PATH: /usr/bin
PATH: /sbin
PATH: /bin
PATH: /usr/games
PATH: /usr/local/games
PATH: /snap/bin
PATH: /home/tsuits/comp3500/project2/os161/bin
PATH: /home/tsuits/cs161/tools/bin


## ----------- ##
## Core tests. ##
## ----------- ##

configure:1893: creating cache ./config.cache
configure:1981: checking whether to enable maintainer-specific portions of Makefiles
configure:1990: result: no
configure:2014: checking for x86_64-unknown-linux-gnu-gcc
configure:2041: result: gcc
configure:2319: checking for C compiler version
configure:2327: gcc --version >&5
gcc (Ubuntu 9.3.0-10ubuntu2) 9.3.0
Copyright (C) 2019 Free Software Foundation, Inc.
This is free software; see the source for copying conditions.  There is NO
warranty; not even for MERCHANTABILITY or FITNESS FOR A PARTICULAR PURPOSE.

configure:2331: $? = 0
configure:2338: gcc -v >&5
Using built-in specs.
COLLECT_GCC=gcc
COLLECT_LTO_WRAPPER=/usr/lib/gcc/x86_64-linux-gnu/9/lto-wrapper
OFFLOAD_TARGET_NAMES=nvptx-none:hsa
OFFLOAD_TARGET_DEFAULT=1
Target: x86_64-linux-gnu
Configured with: ../src/configure -v --with-pkgversion='Ubuntu 9.3.0-10ubuntu2' --with-bugurl=file:///usr/share/doc/gcc-9/README.Bugs --enable-languages=c,ada,c++,go,brig,d,fortran,objc,obj-c++,gm2 --prefix=/usr --with-gcc-major-version-only --program-suffix=-9 --program-prefix=x86_64-linux-gnu- --enable-shared --enable-linker-build-id --libexecdir=/usr/lib --without-included-gettext --enable-threads=posix --libdir=/usr/lib --enable-nls --enable-clocale=gnu --enable-libstdcxx-debug --enable-libstdcxx-time=yes --with-default-libstdcxx-abi=new --enable-gnu-unique-object --disable-vtable-verify --enable-plugin --enable-default-pie --with-system-zlib --with-target-system-zlib=auto --enable-objc-gc=auto --enable-multiarch --disable-werror --with-arch-32=i686 --with-abi=m64 --with-multilib-list=m32,m64,mx32 --enable-multilib --with-tune=generic --enable-offload-targets=nvptx-none,hsa --without-cuda-driver --enable-checking=release --build=x86_64-linux-gnu --host=x86_64-linux-gnu --target=x86_64-linux-gnu
Thread model: posix
gcc version 9.3.0 (Ubuntu 9.3.0-10ubuntu2) 
configure:2342: $? = 0
configure:2349: gcc -V >&5
gcc: error: unrecognized command line option '-V'
gcc: fatal error: no input files
compilation terminated.
configure:2353: $? = 1
configure:2376: checking for C compiler default output file name
configure:2398: gcc -g -O2 -Wno-error   conftest.c  >&5
configure:2402: $? = 0
configure:2440: result: a.out
configure:2457: checking whether the C compiler works
configure:2467: ./a.out
configure:2471: $? = 0
configure:2488: result: yes
configure:2495: checking whether we are cross compiling
configure:2497: result: no
configure:2500: checking for suffix of executables
configure:2507: gcc -o conftest -g -O2 -Wno-error   conftest.c  >&5
configure:2511: $? = 0
configure:2535: result: 
configure:2541: checking for suffix of object files
configure:2567: gcc -c -g -O2 -Wno-error  conftest.c >&5
configure:2571: $? = 0
configure:2594: result: o
configure:2598: checking whether we are using the GNU C compiler
configure:2627: gcc -c -g -O2 -Wno-error  conftest.c >&5
configure:2634: $? = 0
configure:2651: result: yes
configure:2660: checking whether gcc accepts -g
configure:2690: gcc -c -g  conftest.c >&5
configure:2697: $? = 0
configure:2798: result: yes
configure:2815: checking for gcc option to accept ISO C89
configure:2889: gcc  -c -g -O2 -Wno-error  conftest.c >&5
configure:2896: $? = 0
configure:2919: result: none needed
configure:2943: checking how to run the C preprocessor
configure:2983: gcc -E  conftest.c
configure:2990: $? = 0
configure:3021: gcc -E  conftest.c
conftest.c:8:10: fatal error: ac_nonexistent.h: No such file or directory
    8 | #include <ac_nonexistent.h>
      |          ^~~~~~~~~~~~~~~~~~
compilation terminated.
configure:3028: $? = 1
configure: failed program was:
| /* confdefs.h.  */
| #define PACKAGE_NAME ""
| #define PACKAGE_TARNAME ""
| #define PACKAGE_VERSION ""
| #define PACKAGE_STRING ""
| #define PACKAGE_BUGREPORT ""
| /* end confdefs.h.  */
| #include <ac_nonexistent.h>
configure:3061: result: gcc -E
configure:3090: gcc -E  conftest.c
configure:3097: $? = 0
configure:3128: gcc -E  conftest.c
conftest.c:8:10: fatal error: ac_nonexistent.h: No such file or directory
    8 | #include <ac_nonexistent.h>
      |          ^~~~~~~~~~~~~~~~~~
compilation terminated.
configure:3135: $? = 1
configure: failed program was:
| /* confdefs.h.  */
| #define PACKAGE_NAME ""
| #define PACKAGE_TARNAME ""
| #define PACKAGE_VERSION ""
| #define PACKAGE_STRING ""
| #define PACKAGE_BUGREPORT ""
| /* end confdefs.h.  */
| #include <ac_nonexistent.h>
configure:3173: checking for grep that handles long lines and -e
configure:3233: result: /usr/bin/grep
configure:3238: checking for egrep
configure:3302: result: /usr/bin/grep -E
configure:3307: checking for ANSI C header files
configure:3337: gcc -c -g -O2 -Wno-error  conftest.c >&5
configure:3344: $? = 0
configure:3443: gcc -o conftest -g -O2 -Wno-error   conftest.c  >&5
configure:3447: $? = 0
configure:3453: ./conftest
configure:3457: $? = 0
configure:3475: result: yes
configure:3499: checking for sys/types.h
configure:3520: gcc -c -g -O2 -Wno-error  conftest.c >&5
configure:3527: $? = 0
configure:3544: result: yes
configure:3499: checking for sys/stat.h
configure:3520: gcc -c -g -O2 -Wno-error  conftest.c >&5
configure:3527: $? = 0
configure:3544: result: yes
configure:3499: checking for stdlib.h
configure:3520: gcc -c -g -O2 -Wno-error  conftest.c >&5
configure:3527: $? = 0
configure:3544: result: yes
configure:3499: checking for string.h
configure:3520: gcc -c -g -O2 -Wno-error  conftest.c >&5
configure:3527: $? = 0
configure:3544: result: yes
configure:3499: checking for memory.h
configure:3520: gcc -c -g -O2 -Wno-error  conftest.c >&5
configure:3527: $? = 0
configure:3544: result: yes
configure:3499: checking for strings.h
configure:3520: gcc -c -g -O2 -Wno-error  conftest.c >&5
configure:3527: $? = 0
configure:3544: result: yes
configure:3499: checking for inttypes.h
configure:3520: gcc -c -g -O2 -Wno-error  conftest.c >&5
configure:3527: $? = 0
configure:3544: result: yes
configure:3499: checking for stdint.h
configure:3520: gcc -c -g -O2 -Wno-error  conftest.c >&5
configure:3527: $? = 0
configure:3544: result: yes
configure:3499: checking for unistd.h
configure:3520: gcc -c -g -O2 -Wno-error  conftest.c >&5
configure:3527: $? = 0
configure:3544: result: yes
configure:3568: checking minix/config.h usability
configure:3585: gcc -c -g -O2 -Wno-error  conftest.c >&5
conftest.c:51:10: fatal error: minix/config.h: No such file or directory
   51 | #include <minix/config.h>
      |          ^~~~~~~~~~~~~~~~
compilation terminated.
configure:3592: $? = 1
configure: failed program was:
| /* confdefs.h.  */
| #define PACKAGE_NAME ""
| #define PACKAGE_TARNAME ""
| #define PACKAGE_VERSION ""
| #define PACKAGE_STRING ""
| #define PACKAGE_BUGREPORT ""
| #define STDC_HEADERS 1
| #define HAVE_SYS_TYPES_H 1
| #define HAVE_SYS_STAT_H 1
| #define HAVE_STDLIB_H 1
| #define HAVE_STRING_H 1
| #define HAVE_MEMORY_H 1
| #define HAVE_STRINGS_H 1
| #define HAVE_INTTYPES_H 1
| #define HAVE_STDINT_H 1
| #define HAVE_UNISTD_H 1
| /* end confdefs.h.  */
| #include <stdio.h>
| #ifdef HAVE_SYS_TYPES_H
| # include <sys/types.h>
| #endif
| #ifdef HAVE_SYS_STAT_H
| # include <sys/stat.h>
| #endif
| #ifdef STDC_HEADERS
| # include <stdlib.h>
| # include <stddef.h>
| #else
| # ifdef HAVE_STDLIB_H
| #  include <stdlib.h>
| # endif
| #endif
| #ifdef HAVE_STRING_H
| # if !defined STDC_HEADERS && defined HAVE_MEMORY_H
| #  include <memory.h>
| # endif
| # include <string.h>
| #endif
| #ifdef HAVE_STRINGS_H
| # include <strings.h>
| #endif
| #ifdef HAVE_INTTYPES_H
| # include <inttypes.h>
| #endif
| #ifdef HAVE_STDINT_H
| # include <stdint.h>
| #endif
| #ifdef HAVE_UNISTD_H
| # include <unistd.h>
| #endif
| #include <minix/config.h>
configure:3606: result: no
configure:3610: checking minix/config.h presence
configure:3625: gcc -E  conftest.c
conftest.c:18:10: fatal error: minix/config.h: No such file or directory
   18 | #include <minix/config.h>
      |          ^~~~~~~~~~~~~~~~
compilation terminated.
configure:3632: $? = 1
configure: failed program was:
| /* confdefs.h.  */
| #define PACKAGE_NAME ""
| #define PACKAGE_TARNAME ""
| #define PACKAGE_VERSION ""
| #define PACKAGE_STRING ""
| #define PACKAGE_BUGREPORT ""
| #define STDC_HEADERS 1
| #define HAVE_SYS_TYPES_H 1
| #define HAVE_SYS_STAT_H 1
| #define HAVE_STDLIB_H 1
| #define HAVE_STRING_H 1
| #define HAVE_MEMORY_H 1
| #define HAVE_STRINGS_H 1
| #define HAVE_INTTYPES_H 1
| #define HAVE_STDINT_H 1
| #define HAVE_UNISTD_H 1
| /* end confdefs.h.  */
| #include <minix/config.h>
configure:3646: result: no
configure:3674: checking for minix/config.h
configure:3681: result: no
configure:3712: checking whether it is safe to define __EXTENSIONS__
configure:3740: gcc -c -g -O2 -Wno-error  conftest.c >&5
configure:3747: $? = 0
configure:3762: result: yes
configure:3788: checking for minix/config.h
configure:3793: result: no
configure:3941: checking whether it is safe to define __EXTENSIONS__
configure:3991: result: yes
configure:4015: checking for library containing strerror
configure:4056: gcc -o conftest -g -O2 -Wno-error   conftest.c  >&5
configure:4063: $? = 0
configure:4094: result: none required
configure:4105: checking for gcc option to accept ANSI C
configure:4173: gcc  -c -g -O2 -Wno-error  conftest.c >&5
configure:4180: $? = 0
configure:4200: result: none needed
configure:4249: checking build system type
configure:4267: result: x86_64-unknown-linux-gnu
configure:4289: checking host system type
configure:4304: result: x86_64-unknown-linux-gnu
configure:4326: checking target system type
configure:4341: result: mips-unknown-elf
configure:4394: checking whether NLS is requested
configure:4400: result: yes
configure:4408: checking for catalogs to be installed
configure:4440: result: 
configure:4672: checking libunwind.h usability
configure:4689: gcc -c -g -O2 -Wno-error  conftest.c >&5
conftest.c:66:10: fatal error: libunwind.h: No such file or directory
   66 | #include <libunwind.h>
      |          ^~~~~~~~~~~~~
compilation terminated.
configure:4696: $? = 1
configure: failed program was:
| /* confdefs.h.  */
| #define PACKAGE_NAME ""
| #define PACKAGE_TARNAME ""
| #define PACKAGE_VERSION ""
| #define PACKAGE_STRING ""
| #define PACKAGE_BUGREPORT ""
| #define STDC_HEADERS 1
| #define HAVE_SYS_TYPES_H 1
| #define HAVE_SYS_STAT_H 1
| #define HAVE_STDLIB_H 1
| #define HAVE_STRING_H 1
| #define HAVE_MEMORY_H 1
| #define HAVE_STRINGS_H 1
| #define HAVE_INTTYPES_H 1
| #define HAVE_STDINT_H 1
| #define HAVE_UNISTD_H 1
| #define __EXTENSIONS__ 1
| #define _ALL_SOURCE 1
| #define _GNU_SOURCE 1
| #define _POSIX_PTHREAD_SEMANTICS 1
| #define _TANDEM_SOURCE 1
| #define __EXTENSIONS__ 1
| #define _ALL_SOURCE 1
| #define _GNU_SOURCE 1
| #define _POSIX_PTHREAD_SEMANTICS 1
| #define _TANDEM_SOURCE 1
| #define ENABLE_NLS 1
| #define PACKAGE "gdb"
| #define DEBUGDIR "/home/tsuits/cs161/tools/lib/debug"
| #define DEFAULT_BFD_ARCH bfd_mips_arch
| #define DEFAULT_BFD_VEC bfd_elf32_bigmips_vec
| /* end confdefs.h.  */
| #include <stdio.h>
| #ifdef HAVE_SYS_TYPES_H
| # include <sys/types.h>
| #endif
| #ifdef HAVE_SYS_STAT_H
| # include <sys/stat.h>
| #endif
| #ifdef STDC_HEADERS
| # include <stdlib.h>
| # include <stddef.h>
| #else
| # ifdef HAVE_STDLIB_H
| #  include <stdlib.h>
| # endif
| #endif
| #ifdef HAVE_STRING_H
| # if !defined STDC_HEADERS && defined HAVE_MEMORY_H
| #  include <memory.h>
| # endif
| # include <string.h>
| #endif
| #ifdef HAVE_STRINGS_H
| # include <strings.h>
| #endif
| #ifdef HAVE_INTTYPES_H
| # include <inttypes.h>
| #endif
| #ifdef HAVE_STDINT_H
| # include <stdint.h>
| #endif
| #ifdef HAVE_UNISTD_H
| # include <unistd.h>
| #endif
| #include <libunwind.h>
configure:4710: result: no
configure:4714: checking libunwind.h presence
configure:4729: gcc -E  conftest.c
conftest.c:33:10: fatal error: libunwind.h: No such file or directory
   33 | #include <libunwind.h>
      |          ^~~~~~~~~~~~~
compilation terminated.
configure:4736: $? = 1
configure: failed program was:
| /* confdefs.h.  */
| #define PACKAGE_NAME ""
| #define PACKAGE_TARNAME ""
| #define PACKAGE_VERSION ""
| #define PACKAGE_STRING ""
| #define PACKAGE_BUGREPORT ""
| #define STDC_HEADERS 1
| #define HAVE_SYS_TYPES_H 1
| #define HAVE_SYS_STAT_H 1
| #define HAVE_STDLIB_H 1
| #define HAVE_STRING_H 1
| #define HAVE_MEMORY_H 1
| #define HAVE_STRINGS_H 1
| #define HAVE_INTTYPES_H 1
| #define HAVE_STDINT_H 1
| #define HAVE_UNISTD_H 1
| #define __EXTENSIONS__ 1
| #define _ALL_SOURCE 1
| #define _GNU_SOURCE 1
| #define _POSIX_PTHREAD_SEMANTICS 1
| #define _TANDEM_SOURCE 1
| #define __EXTENSIONS__ 1
| #define _ALL_SOURCE 1
| #define _GNU_SOURCE 1
| #define _POSIX_PTHREAD_SEMANTICS 1
| #define _TANDEM_SOURCE 1
| #define ENABLE_NLS 1
| #define PACKAGE "gdb"
| #define DEBUGDIR "/home/tsuits/cs161/tools/lib/debug"
| #define DEFAULT_BFD_ARCH bfd_mips_arch
| #define DEFAULT_BFD_VEC bfd_elf32_bigmips_vec
| /* end confdefs.h.  */
| #include <libunwind.h>
configure:4750: result: no
configure:4778: checking for libunwind.h
configure:4787: result: no
configure:4817: checking libunwind-ia64.h usability
configure:4834: gcc -c -g -O2 -Wno-error  conftest.c >&5
conftest.c:66:10: fatal error: libunwind-ia64.h: No such file or directory
   66 | #include <libunwind-ia64.h>
      |          ^~~~~~~~~~~~~~~~~~
compilation terminated.
configure:4841: $? = 1
configure: failed program was:
| /* confdefs.h.  */
| #define PACKAGE_NAME ""
| #define PACKAGE_TARNAME ""
| #define PACKAGE_VERSION ""
| #define PACKAGE_STRING ""
| #define PACKAGE_BUGREPORT ""
| #define STDC_HEADERS 1
| #define HAVE_SYS_TYPES_H 1
| #define HAVE_SYS_STAT_H 1
| #define HAVE_STDLIB_H 1
| #define HAVE_STRING_H 1
| #define HAVE_MEMORY_H 1
| #define HAVE_STRINGS_H 1
| #define HAVE_INTTYPES_H 1
| #define HAVE_STDINT_H 1
| #define HAVE_UNISTD_H 1
| #define __EXTENSIONS__ 1
| #define _ALL_SOURCE 1
| #define _GNU_SOURCE 1
| #define _POSIX_PTHREAD_SEMANTICS 1
| #define _TANDEM_SOURCE 1
| #define __EXTENSIONS__ 1
| #define _ALL_SOURCE 1
| #define _GNU_SOURCE 1
| #define _POSIX_PTHREAD_SEMANTICS 1
| #define _TANDEM_SOURCE 1
| #define ENABLE_NLS 1
| #define PACKAGE "gdb"
| #define DEBUGDIR "/home/tsuits/cs161/tools/lib/debug"
| #define DEFAULT_BFD_ARCH bfd_mips_arch
| #define DEFAULT_BFD_VEC bfd_elf32_bigmips_vec
| /* end confdefs.h.  */
| #include <stdio.h>
| #ifdef HAVE_SYS_TYPES_H
| # include <sys/types.h>
| #endif
| #ifdef HAVE_SYS_STAT_H
| # include <sys/stat.h>
| #endif
| #ifdef STDC_HEADERS
| # include <stdlib.h>
| # include <stddef.h>
| #else
| # ifdef HAVE_STDLIB_H
| #  include <stdlib.h>
| # endif
| #endif
| #ifdef HAVE_STRING_H
| # if !defined STDC_HEADERS && defined HAVE_MEMORY_H
| #  include <memory.h>
| # endif
| # include <string.h>
| #endif
| #ifdef HAVE_STRINGS_H
| # include <strings.h>
| #endif
| #ifdef HAVE_INTTYPES_H
| # include <inttypes.h>
| #endif
| #ifdef HAVE_STDINT_H
| # include <stdint.h>
| #endif
| #ifdef HAVE_UNISTD_H
| # include <unistd.h>
| #endif
| #include <libunwind-ia64.h>
configure:4855: result: no
configure:4859: checking libunwind-ia64.h presence
configure:4874: gcc -E  conftest.c
conftest.c:33:10: fatal error: libunwind-ia64.h: No such file or directory
   33 | #include <libunwind-ia64.h>
      |          ^~~~~~~~~~~~~~~~~~
compilation terminated.
configure:4881: $? = 1
configure: failed program was:
| /* confdefs.h.  */
| #define PACKAGE_NAME ""
| #define PACKAGE_TARNAME ""
| #define PACKAGE_VERSION ""
| #define PACKAGE_STRING ""
| #define PACKAGE_BUGREPORT ""
| #define STDC_HEADERS 1
| #define HAVE_SYS_TYPES_H 1
| #define HAVE_SYS_STAT_H 1
| #define HAVE_STDLIB_H 1
| #define HAVE_STRING_H 1
| #define HAVE_MEMORY_H 1
| #define HAVE_STRINGS_H 1
| #define HAVE_INTTYPES_H 1
| #define HAVE_STDINT_H 1
| #define HAVE_UNISTD_H 1
| #define __EXTENSIONS__ 1
| #define _ALL_SOURCE 1
| #define _GNU_SOURCE 1
| #define _POSIX_PTHREAD_SEMANTICS 1
| #define _TANDEM_SOURCE 1
| #define __EXTENSIONS__ 1
| #define _ALL_SOURCE 1
| #define _GNU_SOURCE 1
| #define _POSIX_PTHREAD_SEMANTICS 1
| #define _TANDEM_SOURCE 1
| #define ENABLE_NLS 1
| #define PACKAGE "gdb"
| #define DEBUGDIR "/home/tsuits/cs161/tools/lib/debug"
| #define DEFAULT_BFD_ARCH bfd_mips_arch
| #define DEFAULT_BFD_VEC bfd_elf32_bigmips_vec
| /* end confdefs.h.  */
| #include <libunwind-ia64.h>
configure:4895: result: no
configure:4923: checking for libunwind-ia64.h
configure:4932: result: no
configure:5275: checking for monstartup
configure:5331: gcc -o conftest -g -O2 -Wno-error   conftest.c  >&5
configure:5338: $? = 0
configure:5360: result: yes
configure:5275: checking for _mcleanup
configure:5331: gcc -o conftest -g -O2 -Wno-error   conftest.c  >&5
configure:5338: $? = 0
configure:5360: result: yes
configure:5371: checking for _etext
configure:5399: gcc -o conftest -g -O2 -Wno-error   conftest.c  >&5
conftest.c: In function 'main':
conftest.c:41:1: warning: attempt to free a non-heap object '_etext' [-Wfree-nonheap-object]
   41 | free (&_etext);
      | ^~~~~~~~~~~~~~
configure:5406: $? = 0
configure:5426: result: yes
configure:5513: checking for gawk
configure:5543: result: no
configure:5513: checking for mawk
configure:5529: found /usr/bin/mawk
configure:5540: result: mawk
configure:5565: checking for a BSD-compatible install
configure:5633: result: /usr/bin/install -c
configure:5644: checking whether ln -s works
configure:5648: result: yes
configure:5658: checking for x86_64-unknown-linux-gnu-ranlib
configure:5685: result: ranlib
configure:5755: checking for bison
configure:5782: result: /home/tsuits/comp3500/project2/cs161/cs161-gdb-1.5/gdb-6.6+cs161/missing bison -y
configure:5798: checking for x86_64-unknown-linux-gnu-ar
configure:5825: result: ar
configure:5894: checking for x86_64-unknown-linux-gnu-dlltool
configure:5921: result: dlltool
configure:5990: checking for x86_64-unknown-linux-gnu-windres
configure:6017: result: windres
configure:6088: checking for x86_64-unknown-linux-gnu-mig
configure:6118: result: no
configure:6128: checking for mig
configure:6158: result: no
configure:6188: checking for main in -lm
configure:6217: gcc -o conftest -g -O2 -Wno-error   conftest.c -lm   >&5
configure:6224: $? = 0
configure:6245: result: yes
configure:6261: checking for wctype
configure:6317: gcc -o conftest -g -O2 -Wno-error   conftest.c -lm  >&5
configure:6324: $? = 0
configure:6344: result: yes
configure:6428: checking for library containing gethostbyname
configure:6469: gcc -o conftest -g -O2 -Wno-error   conftest.c -lm  >&5
configure:6476: $? = 0
configure:6507: result: none required
configure:6517: checking for library containing socketpair
configure:6558: gcc -o conftest -g -O2 -Wno-error   conftest.c -lm  >&5
configure:6565: $? = 0
configure:6596: result: none required
configure:6614: checking for library containing waddstr
configure:6655: gcc -o conftest -g -O2 -Wno-error   conftest.c -lm  >&5
/usr/bin/ld: /tmp/ccM1WRPJ.o: in function `main':
/home/tsuits/comp3500/project2/cs161/cs161-gdb-1.5/gdb/conftest.c:48: undefined reference to `waddstr'
collect2: error: ld returned 1 exit status
configure:6662: $? = 1
configure: failed program was:
| /* confdefs.h.  */
| #define PACKAGE_NAME ""
| #define PACKAGE_TARNAME ""
| #define PACKAGE_VERSION ""
| #define PACKAGE_STRING ""
| #define PACKAGE_BUGREPORT ""
| #define STDC_HEADERS 1
| #define HAVE_SYS_TYPES_H 1
| #define HAVE_SYS_STAT_H 1
| #define HAVE_STDLIB_H 1
| #define HAVE_STRING_H 1
| #define HAVE_MEMORY_H 1
| #define HAVE_STRINGS_H 1
| #define HAVE_INTTYPES_H 1
| #define HAVE_STDINT_H 1
| #define HAVE_UNISTD_H 1
| #define __EXTENSIONS__ 1
| #define _ALL_SOURCE 1
| #define _GNU_SOURCE 1
| #define _POSIX_PTHREAD_SEMANTICS 1
| #define _TANDEM_SOURCE 1
| #define __EXTENSIONS__ 1
| #define _ALL_SOURCE 1
| #define _GNU_SOURCE 1
| #define _POSIX_PTHREAD_SEMANTICS 1
| #define _TANDEM_SOURCE 1
| #define ENABLE_NLS 1
| #define PACKAGE "gdb"
| #define DEBUGDIR "/home/tsuits/cs161/tools/lib/debug"
| #define DEFAULT_BFD_ARCH bfd_mips_arch
| #define DEFAULT_BFD_VEC bfd_elf32_bigmips_vec
| #define HAVE_MONSTARTUP 1
| #define HAVE__MCLEANUP 1
| #define HAVE__ETEXT 1
| #define HAVE_LIBM 1
| /* end confdefs.h.  */
| 
| /* Override any GCC internal prototype to avoid an error.
|    Use char because int might match the return type of a GCC
|    builtin and then its argument prototype would still apply.  */
| #ifdef __cplusplus
| extern "C"
| #endif
| char waddstr ();
| int
| main ()
| {
| return waddstr ();
|   ;
|   return 0;
| }
configure:6655: gcc -o conftest -g -O2 -Wno-error   conftest.c -lncurses  -lm  >&5
/usr/bin/ld: cannot find -lncurses
collect2: error: ld returned 1 exit status
configure:6662: $? = 1
configure: failed program was:
| /* confdefs.h.  */
| #define PACKAGE_NAME ""
| #define PACKAGE_TARNAME ""
| #define PACKAGE_VERSION ""
| #define PACKAGE_STRING ""
| #define PACKAGE_BUGREPORT ""
| #define STDC_HEADERS 1
| #define HAVE_SYS_TYPES_H 1
| #define HAVE_SYS_STAT_H 1
| #define HAVE_STDLIB_H 1
| #define HAVE_STRING_H 1
| #define HAVE_MEMORY_H 1
| #define HAVE_STRINGS_H 1
| #define HAVE_INTTYPES_H 1
| #define HAVE_STDINT_H 1
| #define HAVE_UNISTD_H 1
| #define __EXTENSIONS__ 1
| #define _ALL_SOURCE 1
| #define _GNU_SOURCE 1
| #define _POSIX_PTHREAD_SEMANTICS 1
| #define _TANDEM_SOURCE 1
| #define __EXTENSIONS__ 1
| #define _ALL_SOURCE 1
| #define _GNU_SOURCE 1
| #define _POSIX_PTHREAD_SEMANTICS 1
| #define _TANDEM_SOURCE 1
| #define ENABLE_NLS 1
| #define PACKAGE "gdb"
| #define DEBUGDIR "/home/tsuits/cs161/tools/lib/debug"
| #define DEFAULT_BFD_ARCH bfd_mips_arch
| #define DEFAULT_BFD_VEC bfd_elf32_bigmips_vec
| #define HAVE_MONSTARTUP 1
| #define HAVE__MCLEANUP 1
| #define HAVE__ETEXT 1
| #define HAVE_LIBM 1
| /* end confdefs.h.  */
| 
| /* Override any GCC internal prototype to avoid an error.
|    Use char because int might match the return type of a GCC
|    builtin and then its argument prototype would still apply.  */
| #ifdef __cplusplus
| extern "C"
| #endif
| char waddstr ();
| int
| main ()
| {
| return waddstr ();
|   ;
|   return 0;
| }
configure:6655: gcc -o conftest -g -O2 -Wno-error   conftest.c -lcursesX  -lm  >&5
/usr/bin/ld: cannot find -lcursesX
collect2: error: ld returned 1 exit status
configure:6662: $? = 1
configure: failed program was:
| /* confdefs.h.  */
| #define PACKAGE_NAME ""
| #define PACKAGE_TARNAME ""
| #define PACKAGE_VERSION ""
| #define PACKAGE_STRING ""
| #define PACKAGE_BUGREPORT ""
| #define STDC_HEADERS 1
| #define HAVE_SYS_TYPES_H 1
| #define HAVE_SYS_STAT_H 1
| #define HAVE_STDLIB_H 1
| #define HAVE_STRING_H 1
| #define HAVE_MEMORY_H 1
| #define HAVE_STRINGS_H 1
| #define HAVE_INTTYPES_H 1
| #define HAVE_STDINT_H 1
| #define HAVE_UNISTD_H 1
| #define __EXTENSIONS__ 1
| #define _ALL_SOURCE 1
| #define _GNU_SOURCE 1
| #define _POSIX_PTHREAD_SEMANTICS 1
| #define _TANDEM_SOURCE 1
| #define __EXTENSIONS__ 1
| #define _ALL_SOURCE 1
| #define _GNU_SOURCE 1
| #define _POSIX_PTHREAD_SEMANTICS 1
| #define _TANDEM_SOURCE 1
| #define ENABLE_NLS 1
| #define PACKAGE "gdb"
| #define DEBUGDIR "/home/tsuits/cs161/tools/lib/debug"
| #define DEFAULT_BFD_ARCH bfd_mips_arch
| #define DEFAULT_BFD_VEC bfd_elf32_bigmips_vec
| #define HAVE_MONSTARTUP 1
| #define HAVE__MCLEANUP 1
| #define HAVE__ETEXT 1
| #define HAVE_LIBM 1
| /* end confdefs.h.  */
| 
| /* Override any GCC internal prototype to avoid an error.
|    Use char because int might match the return type of a GCC
|    builtin and then its argument prototype would still apply.  */
| #ifdef __cplusplus
| extern "C"
| #endif
| char waddstr ();
| int
| main ()
| {
| return waddstr ();
|   ;
|   return 0;
| }
configure:6655: gcc -o conftest -g -O2 -Wno-error   conftest.c -lcurses  -lm  >&5
/usr/bin/ld: cannot find -lcurses
collect2: error: ld returned 1 exit status
configure:6662: $? = 1
configure: failed program was:
| /* confdefs.h.  */
| #define PACKAGE_NAME ""
| #define PACKAGE_TARNAME ""
| #define PACKAGE_VERSION ""
| #define PACKAGE_STRING ""
| #define PACKAGE_BUGREPORT ""
| #define STDC_HEADERS 1
| #define HAVE_SYS_TYPES_H 1
| #define HAVE_SYS_STAT_H 1
| #define HAVE_STDLIB_H 1
| #define HAVE_STRING_H 1
| #define HAVE_MEMORY_H 1
| #define HAVE_STRINGS_H 1
| #define HAVE_INTTYPES_H 1
| #define HAVE_STDINT_H 1
| #define HAVE_UNISTD_H 1
| #define __EXTENSIONS__ 1
| #define _ALL_SOURCE 1
| #define _GNU_SOURCE 1
| #define _POSIX_PTHREAD_SEMANTICS 1
| #define _TANDEM_SOURCE 1
| #define __EXTENSIONS__ 1
| #define _ALL_SOURCE 1
| #define _GNU_SOURCE 1
| #define _POSIX_PTHREAD_SEMANTICS 1
| #define _TANDEM_SOURCE 1
| #define ENABLE_NLS 1
| #define PACKAGE "gdb"
| #define DEBUGDIR "/home/tsuits/cs161/tools/lib/debug"
| #define DEFAULT_BFD_ARCH bfd_mips_arch
| #define DEFAULT_BFD_VEC bfd_elf32_bigmips_vec
| #define HAVE_MONSTARTUP 1
| #define HAVE__MCLEANUP 1
| #define HAVE__ETEXT 1
| #define HAVE_LIBM 1
| /* end confdefs.h.  */
| 
| /* Override any GCC internal prototype to avoid an error.
|    Use char because int might match the return type of a GCC
|    builtin and then its argument prototype would still apply.  */
| #ifdef __cplusplus
| extern "C"
| #endif
| char waddstr ();
| int
| main ()
| {
| return waddstr ();
|   ;
|   return 0;
| }
configure:6693: result: no
configure:6722: checking for library containing tgetent
configure:6763: gcc -o conftest -g -O2 -Wno-error   conftest.c -lm  >&5
/usr/bin/ld: /tmp/ccd34tHx.o: in function `main':
/home/tsuits/comp3500/project2/cs161/cs161-gdb-1.5/gdb/conftest.c:48: undefined reference to `tgetent'
collect2: error: ld returned 1 exit status
configure:6770: $? = 1
configure: failed program was:
| /* confdefs.h.  */
| #define PACKAGE_NAME ""
| #define PACKAGE_TARNAME ""
| #define PACKAGE_VERSION ""
| #define PACKAGE_STRING ""
| #define PACKAGE_BUGREPORT ""
| #define STDC_HEADERS 1
| #define HAVE_SYS_TYPES_H 1
| #define HAVE_SYS_STAT_H 1
| #define HAVE_STDLIB_H 1
| #define HAVE_STRING_H 1
| #define HAVE_MEMORY_H 1
| #define HAVE_STRINGS_H 1
| #define HAVE_INTTYPES_H 1
| #define HAVE_STDINT_H 1
| #define HAVE_UNISTD_H 1
| #define __EXTENSIONS__ 1
| #define _ALL_SOURCE 1
| #define _GNU_SOURCE 1
| #define _POSIX_PTHREAD_SEMANTICS 1
| #define _TANDEM_SOURCE 1
| #define __EXTENSIONS__ 1
| #define _ALL_SOURCE 1
| #define _GNU_SOURCE 1
| #define _POSIX_PTHREAD_SEMANTICS 1
| #define _TANDEM_SOURCE 1
| #define ENABLE_NLS 1
| #define PACKAGE "gdb"
| #define DEBUGDIR "/home/tsuits/cs161/tools/lib/debug"
| #define DEFAULT_BFD_ARCH bfd_mips_arch
| #define DEFAULT_BFD_VEC bfd_elf32_bigmips_vec
| #define HAVE_MONSTARTUP 1
| #define HAVE__MCLEANUP 1
| #define HAVE__ETEXT 1
| #define HAVE_LIBM 1
| /* end confdefs.h.  */
| 
| /* Override any GCC internal prototype to avoid an error.
|    Use char because int might match the return type of a GCC
|    builtin and then its argument prototype would still apply.  */
| #ifdef __cplusplus
| extern "C"
| #endif
| char tgetent ();
| int
| main ()
| {
| return tgetent ();
|   ;
|   return 0;
| }
configure:6763: gcc -o conftest -g -O2 -Wno-error   conftest.c -ltermcap  -lm  >&5
/usr/bin/ld: cannot find -ltermcap
collect2: error: ld returned 1 exit status
configure:6770: $? = 1
configure: failed program was:
| /* confdefs.h.  */
| #define PACKAGE_NAME ""
| #define PACKAGE_TARNAME ""
| #define PACKAGE_VERSION ""
| #define PACKAGE_STRING ""
| #define PACKAGE_BUGREPORT ""
| #define STDC_HEADERS 1
| #define HAVE_SYS_TYPES_H 1
| #define HAVE_SYS_STAT_H 1
| #define HAVE_STDLIB_H 1
| #define HAVE_STRING_H 1
| #define HAVE_MEMORY_H 1
| #define HAVE_STRINGS_H 1
| #define HAVE_INTTYPES_H 1
| #define HAVE_STDINT_H 1
| #define HAVE_UNISTD_H 1
| #define __EXTENSIONS__ 1
| #define _ALL_SOURCE 1
| #define _GNU_SOURCE 1
| #define _POSIX_PTHREAD_SEMANTICS 1
| #define _TANDEM_SOURCE 1
| #define __EXTENSIONS__ 1
| #define _ALL_SOURCE 1
| #define _GNU_SOURCE 1
| #define _POSIX_PTHREAD_SEMANTICS 1
| #define _TANDEM_SOURCE 1
| #define ENABLE_NLS 1
| #define PACKAGE "gdb"
| #define DEBUGDIR "/home/tsuits/cs161/tools/lib/debug"
| #define DEFAULT_BFD_ARCH bfd_mips_arch
| #define DEFAULT_BFD_VEC bfd_elf32_bigmips_vec
| #define HAVE_MONSTARTUP 1
| #define HAVE__MCLEANUP 1
| #define HAVE__ETEXT 1
| #define HAVE_LIBM 1
| /* end confdefs.h.  */
| 
| /* Override any GCC internal prototype to avoid an error.
|    Use char because int might match the return type of a GCC
|    builtin and then its argument prototype would still apply.  */
| #ifdef __cplusplus
| extern "C"
| #endif
| char tgetent ();
| int
| main ()
| {
| return tgetent ();
|   ;
|   return 0;
| }
configure:6763: gcc -o conftest -g -O2 -Wno-error   conftest.c -ltinfo  -lm  >&5
/usr/bin/ld: cannot find -ltinfo
collect2: error: ld returned 1 exit status
configure:6770: $? = 1
configure: failed program was:
| /* confdefs.h.  */
| #define PACKAGE_NAME ""
| #define PACKAGE_TARNAME ""
| #define PACKAGE_VERSION ""
| #define PACKAGE_STRING ""
| #define PACKAGE_BUGREPORT ""
| #define STDC_HEADERS 1
| #define HAVE_SYS_TYPES_H 1
| #define HAVE_SYS_STAT_H 1
| #define HAVE_STDLIB_H 1
| #define HAVE_STRING_H 1
| #define HAVE_MEMORY_H 1
| #define HAVE_STRINGS_H 1
| #define HAVE_INTTYPES_H 1
| #define HAVE_STDINT_H 1
| #define HAVE_UNISTD_H 1
| #define __EXTENSIONS__ 1
| #define _ALL_SOURCE 1
| #define _GNU_SOURCE 1
| #define _POSIX_PTHREAD_SEMANTICS 1
| #define _TANDEM_SOURCE 1
| #define __EXTENSIONS__ 1
| #define _ALL_SOURCE 1
| #define _GNU_SOURCE 1
| #define _POSIX_PTHREAD_SEMANTICS 1
| #define _TANDEM_SOURCE 1
| #define ENABLE_NLS 1
| #define PACKAGE "gdb"
| #define DEBUGDIR "/home/tsuits/cs161/tools/lib/debug"
| #define DEFAULT_BFD_ARCH bfd_mips_arch
| #define DEFAULT_BFD_VEC bfd_elf32_bigmips_vec
| #define HAVE_MONSTARTUP 1
| #define HAVE__MCLEANUP 1
| #define HAVE__ETEXT 1
| #define HAVE_LIBM 1
| /* end confdefs.h.  */
| 
| /* Override any GCC internal prototype to avoid an error.
|    Use char because int might match the return type of a GCC
|    builtin and then its argument prototype would still apply.  */
| #ifdef __cplusplus
| extern "C"
| #endif
| char tgetent ();
| int
| main ()
| {
| return tgetent ();
|   ;
|   return 0;
| }
configure:6763: gcc -o conftest -g -O2 -Wno-error   conftest.c -lcurses  -lm  >&5
/usr/bin/ld: cannot find -lcurses
collect2: error: ld returned 1 exit status
configure:6770: $? = 1
configure: failed program was:
| /* confdefs.h.  */
| #define PACKAGE_NAME ""
| #define PACKAGE_TARNAME ""
| #define PACKAGE_VERSION ""
| #define PACKAGE_STRING ""
| #define PACKAGE_BUGREPORT ""
| #define STDC_HEADERS 1
| #define HAVE_SYS_TYPES_H 1
| #define HAVE_SYS_STAT_H 1
| #define HAVE_STDLIB_H 1
| #define HAVE_STRING_H 1
| #define HAVE_MEMORY_H 1
| #define HAVE_STRINGS_H 1
| #define HAVE_INTTYPES_H 1
| #define HAVE_STDINT_H 1
| #define HAVE_UNISTD_H 1
| #define __EXTENSIONS__ 1
| #define _ALL_SOURCE 1
| #define _GNU_SOURCE 1
| #define _POSIX_PTHREAD_SEMANTICS 1
| #define _TANDEM_SOURCE 1
| #define __EXTENSIONS__ 1
| #define _ALL_SOURCE 1
| #define _GNU_SOURCE 1
| #define _POSIX_PTHREAD_SEMANTICS 1
| #define _TANDEM_SOURCE 1
| #define ENABLE_NLS 1
| #define PACKAGE "gdb"
| #define DEBUGDIR "/home/tsuits/cs161/tools/lib/debug"
| #define DEFAULT_BFD_ARCH bfd_mips_arch
| #define DEFAULT_BFD_VEC bfd_elf32_bigmips_vec
| #define HAVE_MONSTARTUP 1
| #define HAVE__MCLEANUP 1
| #define HAVE__ETEXT 1
| #define HAVE_LIBM 1
| /* end confdefs.h.  */
| 
| /* Override any GCC internal prototype to avoid an error.
|    Use char because int might match the return type of a GCC
|    builtin and then its argument prototype would still apply.  */
| #ifdef __cplusplus
| extern "C"
| #endif
| char tgetent ();
| int
| main ()
| {
| return tgetent ();
|   ;
|   return 0;
| }
configure:6763: gcc -o conftest -g -O2 -Wno-error   conftest.c -lncurses  -lm  >&5
/usr/bin/ld: cannot find -lncurses
collect2: error: ld returned 1 exit status
configure:6770: $? = 1
configure: failed program was:
| /* confdefs.h.  */
| #define PACKAGE_NAME ""
| #define PACKAGE_TARNAME ""
| #define PACKAGE_VERSION ""
| #define PACKAGE_STRING ""
| #define PACKAGE_BUGREPORT ""
| #define STDC_HEADERS 1
| #define HAVE_SYS_TYPES_H 1
| #define HAVE_SYS_STAT_H 1
| #define HAVE_STDLIB_H 1
| #define HAVE_STRING_H 1
| #define HAVE_MEMORY_H 1
| #define HAVE_STRINGS_H 1
| #define HAVE_INTTYPES_H 1
| #define HAVE_STDINT_H 1
| #define HAVE_UNISTD_H 1
| #define __EXTENSIONS__ 1
| #define _ALL_SOURCE 1
| #define _GNU_SOURCE 1
| #define _POSIX_PTHREAD_SEMANTICS 1
| #define _TANDEM_SOURCE 1
| #define __EXTENSIONS__ 1
| #define _ALL_SOURCE 1
| #define _GNU_SOURCE 1
| #define _POSIX_PTHREAD_SEMANTICS 1
| #define _TANDEM_SOURCE 1
| #define ENABLE_NLS 1
| #define PACKAGE "gdb"
| #define DEBUGDIR "/home/tsuits/cs161/tools/lib/debug"
| #define DEFAULT_BFD_ARCH bfd_mips_arch
| #define DEFAULT_BFD_VEC bfd_elf32_bigmips_vec
| #define HAVE_MONSTARTUP 1
| #define HAVE__MCLEANUP 1
| #define HAVE__ETEXT 1
| #define HAVE_LIBM 1
| /* end confdefs.h.  */
| 
| /* Override any GCC internal prototype to avoid an error.
|    Use char because int might match the return type of a GCC
|    builtin and then its argument prototype would still apply.  */
| #ifdef __cplusplus
| extern "C"
| #endif
| char tgetent ();
| int
| main ()
| {
| return tgetent ();
|   ;
|   return 0;
| }
configure:6801: result: no
configure:6811: error: no termcap library found

## ---------------- ##
## Cache variables. ##
## ---------------- ##

ac_cv_build='x86_64-unknown-linux-gnu'
ac_cv_c_compiler_gnu='yes'
ac_cv_env_CC_set='set'
ac_cv_env_CC_value='gcc'
ac_cv_env_CFLAGS_set='set'
ac_cv_env_CFLAGS_value='-g -O2 -Wno-error'
ac_cv_env_CPPFLAGS_set=''
ac_cv_env_CPPFLAGS_value=''
ac_cv_env_CPP_set=''
ac_cv_env_CPP_value=''
ac_cv_env_LDFLAGS_set='set'
ac_cv_env_LDFLAGS_value=''
ac_cv_env_LIBS_set=''
ac_cv_env_LIBS_value=''
ac_cv_env_XMKMF_set=''
ac_cv_env_XMKMF_value=''
ac_cv_env_YACC_set='set'
ac_cv_env_YACC_value='/home/tsuits/comp3500/project2/cs161/cs161-gdb-1.5/gdb-6.6+cs161/missing bison -y'
ac_cv_env_YFLAGS_set=''
ac_cv_env_YFLAGS_value=''
ac_cv_env_build_alias_set='set'
ac_cv_env_build_alias_value='x86_64-unknown-linux-gnu'
ac_cv_env_host_alias_set='set'
ac_cv_env_host_alias_value='x86_64-unknown-linux-gnu'
ac_cv_env_target_alias_set='set'
ac_cv_env_target_alias_value='mips-elf'
ac_cv_func__mcleanup='yes'
ac_cv_func_monstartup='yes'
ac_cv_func_wctype='yes'
ac_cv_header_inttypes_h='yes'
ac_cv_header_libunwind_h='no'
ac_cv_header_libunwind_ia64_h='no'
ac_cv_header_memory_h='yes'
ac_cv_header_minix_config_h='no'
ac_cv_header_stdc='yes'
ac_cv_header_stdint_h='yes'
ac_cv_header_stdlib_h='yes'
ac_cv_header_string_h='yes'
ac_cv_header_strings_h='yes'
ac_cv_header_sys_stat_h='yes'
ac_cv_header_sys_types_h='yes'
ac_cv_header_unistd_h='yes'
ac_cv_host='x86_64-unknown-linux-gnu'
ac_cv_lib_m_main='yes'
ac_cv_objext='o'
ac_cv_path_EGREP='/usr/bin/grep -E'
ac_cv_path_GREP='/usr/bin/grep'
ac_cv_prog_AR='ar'
ac_cv_prog_AWK='mawk'
ac_cv_prog_CC='gcc'
ac_cv_prog_CPP='gcc -E'
ac_cv_prog_DLLTOOL='dlltool'
ac_cv_prog_RANLIB='ranlib'
ac_cv_prog_WINDRES='windres'
ac_cv_prog_YACC='/home/tsuits/comp3500/project2/cs161/cs161-gdb-1.5/gdb-6.6+cs161/missing bison -y'
ac_cv_prog_cc_c89=''
ac_cv_prog_cc_g='yes'
ac_cv_safe_to_define___extensions__='yes'
ac_cv_search_gethostbyname='none required'
ac_cv_search_socketpair='none required'
ac_cv_search_strerror='none required'
ac_cv_search_tgetent='no'
ac_cv_search_waddstr='no'
ac_cv_target='mips-unknown-elf'
ac_cv_var__etext='yes'
am_cv_prog_cc_stdc=''

## ----------------- ##
## Output variables. ##
## ----------------- ##

ALLOCA=''
AR='ar'
AWK='mawk'
CATALOGS=''
CATOBJEXT='.gmo'
CC='gcc'
CFLAGS='-g -O2 -Wno-error'
CONFIG_ALL=' all-po'
CONFIG_CLEAN=' clean-po'
CONFIG_DEPS=' $(SUBDIR_CLI_DEPS) $(SUBDIR_MI_DEPS)'
CONFIG_INSTALL=' install-po'
CONFIG_LDFLAGS=''
CONFIG_OBS=' $(SUBDIR_CLI_OBS) $(SUBDIR_MI_OBS)'
CONFIG_SRCS=' $(SUBDIR_CLI_SRCS) $(SUBDIR_MI_SRCS)'
CONFIG_UNINSTALL=' uninstall-po'
CPP='gcc -E'
CPPFLAGS=''
DATADIRNAME='share'
DEFS=''
DLLTOOL='dlltool'
ECHO_C=''
ECHO_N='-n'
ECHO_T=''
EGREP='/usr/bin/grep -E'
ENABLE_CFLAGS=' $(SUBDIR_CLI_CFLAGS) $(SUBDIR_MI_CFLAGS)'
EXEEXT=''
GDBTKLIBS=''
GDBTK_CFLAGS=''
GDBTK_SRC_DIR=''
GENCAT='gencat'
GMSGFMT=':'
GREP='/usr/bin/grep'
GUI_CFLAGS_X=''
HAVE_LIBEXPAT=''
IGNORE_SIM=''
IGNORE_SIM_OBS=''
INCINTL=''
INSTALL_DATA='/usr/bin/install -c -m 644'
INSTALL_PROGRAM='/usr/bin/install -c'
INSTALL_SCRIPT='/usr/bin/install -c'
INSTOBJEXT='.mo'
ITCLHDIR=''
ITCLLIB=''
ITCL_BUILD_INCLUDES=''
ITCL_BUILD_LIB_SPEC=''
ITCL_DEFS=''
ITCL_DEPS=''
ITCL_LIB_SPEC=''
ITCL_VERSION=''
ITKHDIR=''
ITKLIB=''
ITK_BUILD_INCLUDES=''
ITK_BUILD_LIB_SPEC=''
ITK_DEFS=''
ITK_DEPS=''
ITK_LIB_SPEC=''
ITK_VERSION=''
LDFLAGS=''
LIBEXPAT=''
LIBGUI=''
LIBICONV=''
LIBINTL=''
LIBINTL_DEP=''
LIBOBJS=''
LIBS='-lm '
LN_S='ln -s'
LTLIBEXPAT=''
LTLIBOBJS=''
MAINT='#'
MAINTAINER_MODE_FALSE=''
MAINTAINER_MODE_TRUE='#'
MIG=''
OBJEXT='o'
PACKAGE='gdb'
PACKAGE_BUGREPORT=''
PACKAGE_NAME=''
PACKAGE_STRING=''
PACKAGE_TARNAME=''
PACKAGE_VERSION=''
PATH_SEPARATOR=':'
POSUB='po'
PROFILE_CFLAGS=''
RANLIB='ranlib'
SER_HARDWIRE=''
SHELL='/bin/sh'
TARGET_SYSTEM_ROOT=''
TARGET_SYSTEM_ROOT_DEFINE=''
TCLHDIR=''
TCL_BUILD_LIB_SPEC=''
TCL_CC=''
TCL_CC_SEARCH_FLAGS=''
TCL_COMPAT_OBJS=''
TCL_DEFS=''
TCL_DEPS=''
TCL_DL_LIBS=''
TCL_LD_FLAGS=''
TCL_LD_SEARCH_FLAGS=''
TCL_LIB_SPEC=''
TCL_LIB_VERSIONS_OK=''
TCL_MAJOR_VERSION=''
TCL_MINOR_VERSION=''
TCL_RANLIB=''
TCL_SHLIB_CFLAGS=''
TCL_SHLIB_LD=''
TCL_SHLIB_LD_LIBS=''
TCL_SHLIB_SUFFIX=''
TCL_VERSION=''
TKHDIR=''
TK_BUILD_INCLUDES=''
TK_BUILD_LIB_SPEC=''
TK_DEFS=''
TK_DEPS=''
TK_LIB_SPEC=''
TK_VERSION=''
TK_XINCLUDES=''
TK_XLIBSW=''
USE_NLS='yes'
WARN_CFLAGS=''
WERROR_CFLAGS=''
WIN32LDAPP=''
WIN32LIBS=''
WINDRES='windres'
XGETTEXT=':'
XMKMF=''
X_CFLAGS=''
X_LDFLAGS=''
X_LIBS=''
YACC='/home/tsuits/comp3500/project2/cs161/cs161-gdb-1.5/gdb-6.6+cs161/missing bison -y'
YFLAGS=''
ac_ct_CC=''
bindir='${exec_prefix}/bin'
build='x86_64-unknown-linux-gnu'
build_alias='x86_64-unknown-linux-gnu'
build_cpu='x86_64'
build_os='linux-gnu'
build_vendor='unknown'
datadir='${datarootdir}'
datarootdir='${prefix}/share'
docdir='${datarootdir}/doc/${PACKAGE}'
dvidir='${docdir}'
exec_prefix='${prefix}'
frags=''
host='x86_64-unknown-linux-gnu'
host_alias='x86_64-unknown-linux-gnu'
host_cpu='x86_64'
host_os='linux-gnu'
host_vendor='unknown'
htmldir='${docdir}'
includedir='${prefix}/include'
infodir='${datarootdir}/info'
libdir='${exec_prefix}/lib'
libexecdir='${exec_prefix}/libexec'
localedir='${datadir}/locale'
localstatedir='${prefix}/var'
mandir='${datarootdir}/man'
nm_h=''
oldincludedir='/usr/include'
pdfdir='${docdir}'
prefix='/home/tsuits/cs161/tools'
program_transform_name='s,^,mips-elf-,; '
psdir='${docdir}'
sbindir='${exec_prefix}/sbin'
sharedstatedir='${prefix}/com'
subdirs=' doc testsuite'
sysconfdir='${prefix}/etc'
target='mips-unknown-elf'
target_alias='mips-elf'
target_cpu='mips'
target_os='elf'
target_subdir=''
target_vendor='unknown'
tm_h=''
xm_h=''

## ------------------- ##
## File substitutions. ##
## ------------------- ##

host_makefile_frag=''
target_makefile_frag=''

## ----------- ##
## confdefs.h. ##
## ----------- ##

#define PACKAGE_NAME ""
#define PACKAGE_TARNAME ""
#define PACKAGE_VERSION ""
#define PACKAGE_STRING ""
#define PACKAGE_BUGREPORT ""
#define STDC_HEADERS 1
#define HAVE_SYS_TYPES_H 1
#define HAVE_SYS_STAT_H 1
#define HAVE_STDLIB_H 1
#define HAVE_STRING_H 1
#define HAVE_MEMORY_H 1
#define HAVE_STRINGS_H 1
#define HAVE_INTTYPES_H 1
#define HAVE_STDINT_H 1
#define HAVE_UNISTD_H 1
#define __EXTENSIONS__ 1
#define _ALL_SOURCE 1
#define _GNU_SOURCE 1
#define _POSIX_PTHREAD_SEMANTICS 1
#define _TANDEM_SOURCE 1
#define __EXTENSIONS__ 1
#define _ALL_SOURCE 1
#define _GNU_SOURCE 1
#define _POSIX_PTHREAD_SEMANTICS 1
#define _TANDEM_SOURCE 1
#define ENABLE_NLS 1
#define PACKAGE "gdb"
#define DEBUGDIR "/home/tsuits/cs161/tools/lib/debug"
#define DEFAULT_BFD_ARCH bfd_mips_arch
#define DEFAULT_BFD_VEC bfd_elf32_bigmips_vec
#define HAVE_MONSTARTUP 1
#define HAVE__MCLEANUP 1
#define HAVE__ETEXT 1
#define HAVE_LIBM 1

configure: exit 1
